********************************************************************************
DUPLICATOR-LITE PACKAGE-LOG: 13/10/2020 13:58
NOTICE: Do NOT post to public sites or forums 
********************************************************************************
VERSION:	1.3.38
WORDPRESS:	5.5.1
PHP INFO:	7.4.0 | SAPI: apache2handler
SERVER:		Apache/2.4.41 (Win64) PHP/7.4.0 
PHP TIME LIMIT: (0) no time limit imposed 
PHP MAX MEMORY: 4294967296 (128M default) 
MEMORY STACK: 2MB

********************************************************************************
DATABASE:
********************************************************************************
BUILD MODE:   PHP(query limit - 100)
MYSQLTIMEOUT: 5000
MYSQLDUMP:    Not Supported
TABLES: total:18 | filtered:0 | create:18
FILTERED: []
SQL CREATED: v1_owillianlira_39ed9093559a19b65543_20201013135815_database.sql
SQL FILE SIZE: 964.65KB (987803)
SQL FILE TIME: 2020-10-13 13:58:24
SQL RUNTIME: 0.57 sec.

********************************************************************************
ARCHIVE (ZIP):
********************************************************************************
ARCHIVE DIR:  C:/dev/myWebsite
ARCHIVE FILE: v1_owillianlira_39ed9093559a19b65543_20201013135815_archive.zip
FILTERS: *OFF*
DIRS:
	not set
FILES:
	not set
EXTS:  not set
----------------------------------------
COMPRESSING
SIZE:	111.44MB
STATS:	Dirs 746 | Files 7,336
SQL ADDED: v1_owillianlira_39ed9093559a19b65543_20201013135815_database.sql
ZipArchive Object
(
    [status] => 0
    [statusSys] => 0
    [numFiles] => 8082
    [filename] => C:\dev\myWebsite\wp-content\backups-dup-lite\tmp\v1_owillianlira_39ed9093559a19b65543_20201013135815_archive.zip
    [comment] => 
)

FILE ADDED TO ZIP: 8081
COMPRESSION RESULT: '1'
COMPRESSED SIZE: 54.19MB
ARCHIVE RUNTIME: 10.45 sec.
MEMORY STACK: 4MB
building installer
add_extra_files1
add_extra_files2
add_extra_files3
add_extra_files4
Doing archive file check
add_extra_files5
add_extra_files6
add_extra_files8
Successfully opened zip C:/dev/myWebsite/wp-content/backups-dup-lite/tmp/v1_owillianlira_39ed9093559a19b65543_20201013135815_archive.zip
Adding enhanced installer files to archive using ZipArchive
Installer files added to archive
Added to archive
After ziparchive close when adding installer

********************************************************************************
INTEGRITY CHECKS:
********************************************************************************
SQL FILE: 964.65KB
INSTALLER FILE: 61.31KB
ARCHIVE FILE: 55.78MB 
EXPECTED FILE/DIRECTORY COUNT: 8,082
ACTUAL FILE/DIRECTORY COUNT: 8,081
ARCHIVE CONSISTENCY TEST: Pass

********************************************************************************
RECORD ID:[1]
TOTAL PROCESS RUNTIME: 12.01 sec.
PEAK PHP MEMORY USED: 4MB
DONE PROCESSING => v1_owillianlira 13/10/2020 13:58

